2025-01-03 19:25:23.019 [info] [main] Log level: Info
2025-01-03 19:25:23.019 [info] [main] Validating found git in: "git"
2025-01-03 19:25:23.019 [info] [main] Using git "2.34.1" from "git"
2025-01-03 19:25:23.020 [info] [Model][doInitialScan] Initial repository scan started
2025-01-03 19:25:23.024 [info] > git rev-parse --show-toplevel [10ms]
2025-01-03 19:25:23.024 [info] fatal: not a git repository (or any parent up to mount point /home)
Stopping at filesystem boundary (GIT_DISCOVERY_ACROSS_FILESYSTEM not set).
2025-01-03 19:25:23.040 [info] > git rev-parse --show-toplevel [3ms]
2025-01-03 19:25:23.040 [info] fatal: not a git repository (or any parent up to mount point /home)
Stopping at filesystem boundary (GIT_DISCOVERY_ACROSS_FILESYSTEM not set).
2025-01-03 19:25:23.047 [info] > git rev-parse --show-toplevel [4ms]
2025-01-03 19:25:23.047 [info] fatal: not a git repository (or any parent up to mount point /home)
Stopping at filesystem boundary (GIT_DISCOVERY_ACROSS_FILESYSTEM not set).
2025-01-03 19:25:23.053 [info] > git rev-parse --show-toplevel [3ms]
2025-01-03 19:25:23.053 [info] fatal: not a git repository (or any parent up to mount point /home)
Stopping at filesystem boundary (GIT_DISCOVERY_ACROSS_FILESYSTEM not set).
2025-01-03 19:25:23.058 [info] > git rev-parse --show-toplevel [2ms]
2025-01-03 19:25:23.059 [info] fatal: not a git repository (or any parent up to mount point /home)
Stopping at filesystem boundary (GIT_DISCOVERY_ACROSS_FILESYSTEM not set).
2025-01-03 19:25:23.064 [info] > git rev-parse --show-toplevel [3ms]
2025-01-03 19:25:23.064 [info] fatal: not a git repository (or any parent up to mount point /home)
Stopping at filesystem boundary (GIT_DISCOVERY_ACROSS_FILESYSTEM not set).
2025-01-03 19:25:23.069 [info] > git rev-parse --show-toplevel [3ms]
2025-01-03 19:25:23.069 [info] fatal: not a git repository (or any parent up to mount point /home)
Stopping at filesystem boundary (GIT_DISCOVERY_ACROSS_FILESYSTEM not set).
2025-01-03 19:25:23.074 [info] > git rev-parse --show-toplevel [2ms]
2025-01-03 19:25:23.075 [info] fatal: not a git repository (or any parent up to mount point /home)
Stopping at filesystem boundary (GIT_DISCOVERY_ACROSS_FILESYSTEM not set).
2025-01-03 19:25:23.080 [info] > git rev-parse --show-toplevel [2ms]
2025-01-03 19:25:23.080 [info] fatal: not a git repository (or any parent up to mount point /home)
Stopping at filesystem boundary (GIT_DISCOVERY_ACROSS_FILESYSTEM not set).
2025-01-03 19:25:23.085 [info] > git rev-parse --show-toplevel [3ms]
2025-01-03 19:25:23.085 [info] fatal: not a git repository (or any parent up to mount point /home)
Stopping at filesystem boundary (GIT_DISCOVERY_ACROSS_FILESYSTEM not set).
2025-01-03 19:25:23.090 [info] > git rev-parse --show-toplevel [3ms]
2025-01-03 19:25:23.090 [info] fatal: not a git repository (or any parent up to mount point /home)
Stopping at filesystem boundary (GIT_DISCOVERY_ACROSS_FILESYSTEM not set).
2025-01-03 19:25:23.094 [info] > git rev-parse --show-toplevel [3ms]
2025-01-03 19:25:23.094 [info] fatal: not a git repository (or any parent up to mount point /home)
Stopping at filesystem boundary (GIT_DISCOVERY_ACROSS_FILESYSTEM not set).
2025-01-03 19:25:23.095 [info] [Model][doInitialScan] Initial repository scan completed - repositories (0), closed repositories (0), parent repositories (0), unsafe repositories (0)
